!SESSION 2018-09-30 13:59:49.223 -----------------------------------------------
eclipse.buildId=unknown
java.version=1.8.0_121
java.vendor=Oracle Corporation
BootLoader constants: OS=win32, ARCH=x86_64, WS=win32, NL=en_US
Command-line arguments:  -console

!ENTRY helloworld-consumer 4 0 2018-09-30 13:59:49.611
!MESSAGE 
!STACK 0
org.osgi.framework.BundleException: The bundle could not be resolved. Reason: Missing Constraint: Import-Package: org.karaf.tutorial.helloworld.producer; version="0.0.0"
	at org.eclipse.osgi.framework.internal.core.AbstractBundle.getResolverError(AbstractBundle.java:1313)
	at org.eclipse.osgi.framework.internal.core.AbstractBundle.getResolutionFailureException(AbstractBundle.java:1297)
	at org.eclipse.osgi.framework.internal.core.BundleHost.startWorker(BundleHost.java:309)
	at org.eclipse.osgi.framework.internal.core.AbstractBundle.resume(AbstractBundle.java:370)
	at org.eclipse.osgi.framework.internal.core.Framework.resumeBundle(Framework.java:1068)
	at org.eclipse.osgi.framework.internal.core.StartLevelManager.resumeBundles(StartLevelManager.java:557)
	at org.eclipse.osgi.framework.internal.core.StartLevelManager.incFWSL(StartLevelManager.java:464)
	at org.eclipse.osgi.framework.internal.core.StartLevelManager.doSetStartLevel(StartLevelManager.java:248)
	at org.eclipse.osgi.framework.internal.core.StartLevelManager.dispatchEvent(StartLevelManager.java:445)
	at org.eclipse.osgi.framework.eventmgr.EventManager.dispatchEvent(EventManager.java:227)
	at org.eclipse.osgi.framework.eventmgr.EventManager$EventThread.run(EventManager.java:337)

!ENTRY org.eclipse.osgi 4 0 2018-09-30 13:59:49.630
!MESSAGE Application error
!STACK 1
java.lang.IllegalStateException: Unable to acquire application service. Ensure that the org.eclipse.core.runtime bundle is resolved and started (see config.ini).
	at org.eclipse.core.runtime.internal.adaptor.EclipseAppLauncher.start(EclipseAppLauncher.java:74)
	at org.eclipse.core.runtime.adaptor.EclipseStarter.run(EclipseStarter.java:368)
	at org.eclipse.core.runtime.adaptor.EclipseStarter.run(EclipseStarter.java:179)
	at org.eclipse.core.runtime.adaptor.EclipseStarter.main(EclipseStarter.java:150)

!ENTRY org.eclipse.osgi 2 0 2018-09-30 13:59:49.633
!MESSAGE One or more bundles are not resolved because the following root constraints are not resolved:
!SUBENTRY 1 org.eclipse.osgi 2 0 2018-09-30 13:59:49.633
!MESSAGE Bundle file:///D:/work/y.jar was not resolved.
!SUBENTRY 2 helloworld-consumer 2 0 2018-09-30 13:59:49.633
!MESSAGE Missing imported package org.karaf.tutorial.helloworld.producer_0.0.0.

!ENTRY org.eclipse.osgi 2 0 2018-09-30 13:59:49.634
!MESSAGE The following is a complete list of bundles which are not resolved, see the prior log entry for the root cause if it exists:
!SUBENTRY 1 org.eclipse.osgi 2 0 2018-09-30 13:59:49.634
!MESSAGE Bundle helloworld-consumer_1.0.0 [3] was not resolved.
!SUBENTRY 2 helloworld-consumer 2 0 2018-09-30 13:59:49.634
!MESSAGE Missing imported package org.karaf.tutorial.helloworld.producer_0.0.0.
